
> clinigen-frontend@0.1.0 build
> next build

[baseline-browser-mapping] The data in this module is over two months old.  To ensure accurate Baseline data, please update: `npm i baseline-browser-mapping@latest -D`
   â–˛ Next.js 16.0.10 (Turbopack)
   - Environments: .env.local

 âš  The "middleware" file convention is deprecated. Please use "proxy" instead. Learn more: https://nextjs.org/docs/messages/middleware-to-proxy
   Creating an optimized production build ...
[baseline-browser-mapping] The data in this module is over two months old.  To ensure accurate Baseline data, please update: `npm i baseline-browser-mapping@latest -D`
 âś“ Compiled successfully in 37.3s
   Running TypeScript ...
   Collecting page data using 3 workers ...
[baseline-browser-mapping] The data in this module is over two months old.  To ensure accurate Baseline data, please update: `npm i baseline-browser-mapping@latest -D`
[baseline-browser-mapping] The data in this module is over two months old.  To ensure accurate Baseline data, please update: `npm i baseline-browser-mapping@latest -D`
[baseline-browser-mapping] The data in this module is over two months old.  To ensure accurate Baseline data, please update: `npm i baseline-browser-mapping@latest -D`
   Generating static pages using 3 workers (0/29) ...
[baseline-browser-mapping] The data in this module is over two months old.  To ensure accurate Baseline data, please update: `npm i baseline-browser-mapping@latest -D`
[baseline-browser-mapping] The data in this module is over two months old.  To ensure accurate Baseline data, please update: `npm i baseline-browser-mapping@latest -D`
   Generating static pages using 3 workers (7/29) 
   Generating static pages using 3 workers (14/29) 
   Generating static pages using 3 workers (21/29) 
 âś“ Generating static pages using 3 workers (29/29) in 1807.1ms
   Finalizing page optimization ...

Route (app)
â”Ś â—‹ /
â”ś â—‹ /_not-found
â”ś â—‹ /about
â”ś â—‹ /access-program
â”ś Ć’ /access-program/[id]
â”ś â—‹ /auth-demo
â”ś â—‹ /basket
â”ś â—‹ /bookmark
â”ś â—‹ /checkout
â”ś â—‹ /contact
â”ś â—‹ /create-patient
â”ś â—‹ /forget-password
â”ś â—‹ /home
â”ś â—‹ /my-account
â”ś â—‹ /order
â”ś Ć’ /order/[id]
â”ś â—‹ /patients
â”ś Ć’ /patients/[id]
â”ś â—‹ /physicians
â”ś â—‹ /preference
â”ś â—‹ /privacy-policy
â”ś â—‹ /products
â”ś Ć’ /products/[slug]
â”ś â—‹ /report-event
â”ś â—‹ /reset-password
â”ś â—‹ /shortage
â”ś â—‹ /signin
â”ś â—‹ /signup
â”ś â—‹ /support
â”ś â—‹ /terms-of-use
â”ś â—‹ /toast-demo
â”” â—‹ /verify-email


Ć’ Proxy (Middleware)

â—‹  (Static)   prerendered as static content
Ć’  (Dynamic)  server-rendered on demand

